Using pre-set license
Built from '2022.3/staging' branch; Version is '2022.3.22f1 (887be4894c44) revision 8944612'; Using compiler version '192829333'; Build Type 'Release'
OS: 'Windows 11  (10.0.22631) 64bit Core' Language: 'en' Physical Memory: 15775 MB
BatchMode: 1, IsHumanControllingUs: 0, StartBugReporterOnCrash: 0, Is64bit: 1, IsPro: 1

COMMAND LINE ARGUMENTS:
C:\Program Files\Unity\Hub\Editor\2022.3.22f1\Editor\Unity.exe
-adb2
-batchMode
-noUpm
-name
AssetImportWorker0
-projectPath
C:/Unity Projects/Tenjin Sequance/Tenjin Sequance
-logFile
Logs/AssetImportWorker0.log
-srvPort
53127
Successfully changed project path to: C:/Unity Projects/Tenjin Sequance/Tenjin Sequance
C:/Unity Projects/Tenjin Sequance/Tenjin Sequance
[UnityMemory] Configuration Parameters - Can be set up in boot.config
    "memorysetup-bucket-allocator-granularity=16"
    "memorysetup-bucket-allocator-bucket-count=8"
    "memorysetup-bucket-allocator-block-size=33554432"
    "memorysetup-bucket-allocator-block-count=8"
    "memorysetup-main-allocator-block-size=16777216"
    "memorysetup-thread-allocator-block-size=16777216"
    "memorysetup-gfx-main-allocator-block-size=16777216"
    "memorysetup-gfx-thread-allocator-block-size=16777216"
    "memorysetup-cache-allocator-block-size=4194304"
    "memorysetup-typetree-allocator-block-size=2097152"
    "memorysetup-profiler-bucket-allocator-granularity=16"
    "memorysetup-profiler-bucket-allocator-bucket-count=8"
    "memorysetup-profiler-bucket-allocator-block-size=33554432"
    "memorysetup-profiler-bucket-allocator-block-count=8"
    "memorysetup-profiler-allocator-block-size=16777216"
    "memorysetup-profiler-editor-allocator-block-size=1048576"
    "memorysetup-temp-allocator-size-main=16777216"
    "memorysetup-job-temp-allocator-block-size=2097152"
    "memorysetup-job-temp-allocator-block-size-background=1048576"
    "memorysetup-job-temp-allocator-reduction-small-platforms=262144"
    "memorysetup-allocator-temp-initial-block-size-main=262144"
    "memorysetup-allocator-temp-initial-block-size-worker=262144"
    "memorysetup-temp-allocator-size-background-worker=32768"
    "memorysetup-temp-allocator-size-job-worker=262144"
    "memorysetup-temp-allocator-size-preload-manager=33554432"
    "memorysetup-temp-allocator-size-nav-mesh-worker=65536"
    "memorysetup-temp-allocator-size-audio-worker=65536"
    "memorysetup-temp-allocator-size-cloud-worker=32768"
    "memorysetup-temp-allocator-size-gi-baking-worker=262144"
    "memorysetup-temp-allocator-size-gfx=262144"
Player connection [13784] Host "[IP] 192.168.1.199 [Port] 0 [Flags] 2 [Guid] 1439032623 [EditorId] 1439032623 [Version] 1048832 [Id] WindowsEditor(7,Laptop) [Debug] 1 [PackageName] WindowsEditor [ProjectName] Editor" joined multi-casting on [225.0.0.222:54997]...

Player connection [13784] Host "[IP] 192.168.1.199 [Port] 0 [Flags] 2 [Guid] 1439032623 [EditorId] 1439032623 [Version] 1048832 [Id] WindowsEditor(7,Laptop) [Debug] 1 [PackageName] WindowsEditor [ProjectName] Editor" joined alternative multi-casting on [225.0.0.222:34997]...

[Physics::Module] Initialized MultithreadedJobDispatcher with 15 workers.
Refreshing native plugins compatible for Editor in 24.55 ms, found 3 plugins.
Preloading 0 native plugins for Editor in 0.00 ms.
Initialize engine version: 2022.3.22f1 (887be4894c44)
[Subsystems] Discovering subsystems at path C:/Program Files/Unity/Hub/Editor/2022.3.22f1/Editor/Data/Resources/UnitySubsystems
[Subsystems] Discovering subsystems at path C:/Unity Projects/Tenjin Sequance/Tenjin Sequance/Assets
GfxDevice: creating device client; threaded=0; jobified=0
Direct3D:
    Version:  Direct3D 11.0 [level 11.1]
    Renderer: NVIDIA GeForce RTX 3050 Laptop GPU (ID=0x25a2)
    Vendor:   NVIDIA
    VRAM:     3964 MB
    Driver:   32.0.15.5585
Initialize mono
Mono path[0] = 'C:/Program Files/Unity/Hub/Editor/2022.3.22f1/Editor/Data/Managed'
Mono path[1] = 'C:/Program Files/Unity/Hub/Editor/2022.3.22f1/Editor/Data/MonoBleedingEdge/lib/mono/unityjit-win32'
Mono config path = 'C:/Program Files/Unity/Hub/Editor/2022.3.22f1/Editor/Data/MonoBleedingEdge/etc'
Using monoOptions --debugger-agent=transport=dt_socket,embedding=1,server=y,suspend=n,address=127.0.0.1:56320
Begin MonoManager ReloadAssembly
Registering precompiled unity dll's ...
Register platform support module: C:/Program Files/Unity/Hub/Editor/2022.3.22f1/Editor/Data/PlaybackEngines/AndroidPlayer/UnityEditor.Android.Extensions.dll
Register platform support module: C:/Program Files/Unity/Hub/Editor/2022.3.22f1/Editor/Data/PlaybackEngines/iOSSupport/UnityEditor.iOS.Extensions.dll
Register platform support module: C:/Program Files/Unity/Hub/Editor/2022.3.22f1/Editor/Data/PlaybackEngines/WindowsStandaloneSupport/UnityEditor.WindowsStandalone.Extensions.dll
Registered in 0.020343 seconds.
- Loaded All Assemblies, in  0.846 seconds
Native extension for WindowsStandalone target not found
[usbmuxd] Start listen thread
[usbmuxd] Listen thread started
Native extension for iOS target not found
Native extension for Android target not found
Android Extension - Scanning For ADB Devices 621 ms
Mono: successfully reloaded assembly
- Finished resetting the current domain, in  1.423 seconds
Domain Reload Profiling: 2267ms
	BeginReloadAssembly (268ms)
		ExecutionOrderSort (0ms)
		DisableScriptedObjects (0ms)
		BackupInstance (0ms)
		ReleaseScriptingObjects (0ms)
		CreateAndSetChildDomain (2ms)
	RebuildCommonClasses (78ms)
	RebuildNativeTypeToScriptingClass (23ms)
	initialDomainReloadingComplete (134ms)
	LoadAllAssembliesAndSetupDomain (341ms)
		LoadAssemblies (265ms)
		RebuildTransferFunctionScriptingTraits (0ms)
		AnalyzeDomain (336ms)
			TypeCache.Refresh (332ms)
				TypeCache.ScanAssembly (299ms)
			ScanForSourceGeneratedMonoScriptInfo (1ms)
			ResolveRequiredComponents (2ms)
	FinalizeReload (1424ms)
		ReleaseScriptCaches (0ms)
		RebuildScriptCaches (0ms)
		SetupLoadedEditorAssemblies (1283ms)
			LogAssemblyErrors (0ms)
			InitializePlatformSupportModulesInManaged (910ms)
			SetLoadedEditorAssemblies (11ms)
			RefreshPlugins (0ms)
			BeforeProcessingInitializeOnLoad (5ms)
			ProcessInitializeOnLoadAttributes (256ms)
			ProcessInitializeOnLoadMethodAttributes (100ms)
			AfterProcessingInitializeOnLoad (0ms)
			EditorAssembliesLoaded (0ms)
		ExecutionOrderSort2 (0ms)
		AwakeInstancesAfterBackupRestoration (0ms)
========================================================================
Worker process is ready to serve import requests
Begin MonoManager ReloadAssembly
- Loaded All Assemblies, in  1.618 seconds
Refreshing native plugins compatible for Editor in 8.35 ms, found 3 plugins.
Native extension for WindowsStandalone target not found
Native extension for iOS target not found
Native extension for Android target not found
Package Manager log level set to [2]
[Package Manager] Server::EnsureServerProcessIsRunning -- launch failed, reason: Unity was launched with the -noUpm command-line argument
[Package Manager] UpmClient::Send -- Unable to send message (not connected to UPM process).
[Package Manager] Cannot connect to Unity Package Manager local server
Mono: successfully reloaded assembly
- Finished resetting the current domain, in  1.722 seconds
Domain Reload Profiling: 3336ms
	BeginReloadAssembly (344ms)
		ExecutionOrderSort (0ms)
		DisableScriptedObjects (14ms)
		BackupInstance (0ms)
		ReleaseScriptingObjects (1ms)
		CreateAndSetChildDomain (67ms)
	RebuildCommonClasses (72ms)
	RebuildNativeTypeToScriptingClass (21ms)
	initialDomainReloadingComplete (85ms)
	LoadAllAssembliesAndSetupDomain (1092ms)
		LoadAssemblies (824ms)
		RebuildTransferFunctionScriptingTraits (0ms)
		AnalyzeDomain (455ms)
			TypeCache.Refresh (373ms)
				TypeCache.ScanAssembly (324ms)
			ScanForSourceGeneratedMonoScriptInfo (55ms)
			ResolveRequiredComponents (21ms)
	FinalizeReload (1723ms)
		ReleaseScriptCaches (0ms)
		RebuildScriptCaches (0ms)
		SetupLoadedEditorAssemblies (1338ms)
			LogAssemblyErrors (0ms)
			InitializePlatformSupportModulesInManaged (71ms)
			SetLoadedEditorAssemblies (9ms)
			RefreshPlugins (0ms)
			BeforeProcessingInitializeOnLoad (254ms)
			ProcessInitializeOnLoadAttributes (847ms)
			ProcessInitializeOnLoadMethodAttributes (145ms)
			AfterProcessingInitializeOnLoad (10ms)
			EditorAssembliesLoaded (0ms)
		ExecutionOrderSort2 (0ms)
		AwakeInstancesAfterBackupRestoration (11ms)
Launched and connected shader compiler UnityShaderCompiler.exe after 0.10 seconds
Refreshing native plugins compatible for Editor in 11.31 ms, found 3 plugins.
Preloading 0 native plugins for Editor in 0.00 ms.
Unloading 4934 Unused Serialized files (Serialized files now loaded: 0)
Unloading 65 unused Assets / (349.3 KB). Loaded Objects now: 5393.
Memory consumption went from 206.3 MB to 205.9 MB.
Total: 11.077700 ms (FindLiveObjects: 1.521300 ms CreateObjectMapping: 0.669800 ms MarkObjects: 8.137100 ms  DeleteObjects: 0.746200 ms)

AssetImportParameters requested are different than current active one (requested -> active):
  custom:container-demuxer-ogg: 62fdf1f143b41e24485cea50d1cbac27 -> 
  custom:video-codec-MediaFoundation-h265: 746d11721c4dcdbdad8f713fa42b33f4 -> 
  custom:video-decoder-ogg-theora: a1e56fd34408186e4bbccfd4996cb3dc -> 
  custom:framework-win-MediaFoundation: 216162199b28c13a410421893ffa2e32 -> 
  custom:CustomObjectIndexerAttribute: 72b91833f83ae208fae7752999fa3104 -> 
  custom:container-demuxer-webm: 4f35f7cbe854078d1ac9338744f61a02 -> 
  custom:container-muxer-webm: aa71ff27fc2769a1b78a27578f13a17b -> 
  custom:video-decoder-webm-vp8: 9c59270c3fd7afecdb556c50c9e8de78 -> 
  custom:SearchIndexIgnoredProperties: e643bd26f0fe6173181afceb89e7c659 -> 
  custom:AudioImporter_EditorPlatform: d09bf68614088b80899f8185d706f6e7 -> 
  custom:video-encoder-webm-vp8: eb34c28f22e8b96e1ab97ce403110664 -> 
  custom:audio-decoder-ogg-vorbis: bf7c407c2cedff20999df2af8eb42d56 -> 
  custom:audio-encoder-webm-vorbis: bf7c407c2cedff20999df2af8eb42d56 -> 
========================================================================
Received Import Request.
  Time since last request: 321829.277123 seconds.
  path: Assets/UniversalRenderPipelineGlobalSettings.asset
  artifactKey: Guid(18dc0cd2c080841dea60987a38ce93fa) Importer(815301076,1909f56bfc062723c751e8b465ee728b)
Start importing Assets/UniversalRenderPipelineGlobalSettings.asset using Guid(18dc0cd2c080841dea60987a38ce93fa) Importer(815301076,1909f56bfc062723c751e8b465ee728b)  -> (artifact id: '0826c28cb0ac08c7995a8211ea1eb1f9') in 0.035228 seconds
Number of updated asset objects reloaded before import = 0
Number of asset objects unloaded after import = 1
========================================================================
Received Import Request.
  Time since last request: 300.788393 seconds.
  path: Assets/New Terrain.asset
  artifactKey: Guid(f7f3ee0e43b17a54ea0bfef9bb69551d) Importer(815301076,1909f56bfc062723c751e8b465ee728b)
Start importing Assets/New Terrain.asset using Guid(f7f3ee0e43b17a54ea0bfef9bb69551d) Importer(815301076,1909f56bfc062723c751e8b465ee728b)  -> (artifact id: 'e3dde6cfabf32c0f8da752a98e315139') in 0.162142 seconds
Number of updated asset objects reloaded before import = 3
Number of asset objects unloaded after import = 3
========================================================================
Received Import Request.
  Time since last request: 0.000065 seconds.
  path: Assets/NewLayer.terrainlayer
  artifactKey: Guid(804dea0d56eae884e861c3b1fc338090) Importer(815301076,1909f56bfc062723c751e8b465ee728b)
Start importing Assets/NewLayer.terrainlayer using Guid(804dea0d56eae884e861c3b1fc338090) Importer(815301076,1909f56bfc062723c751e8b465ee728b)  -> (artifact id: '211c66b938b971a6b61fbb30c00a6c07') in 0.059110 seconds
Number of updated asset objects reloaded before import = 0
Number of asset objects unloaded after import = 2
========================================================================
Received Import Request.
  Time since last request: 49.782001 seconds.
  path: Assets/Prefabs/Enemies/Enemy.prefab
  artifactKey: Guid(eb0811f13c4d1144fa2b80e491e6bebc) Importer(815301076,1909f56bfc062723c751e8b465ee728b)
Start importing Assets/Prefabs/Enemies/Enemy.prefab using Guid(eb0811f13c4d1144fa2b80e491e6bebc) Importer(815301076,1909f56bfc062723c751e8b465ee728b)  -> (artifact id: '933fa90c4dfd161bf7804dc2ec610bbe') in 4.633305 seconds
Number of updated asset objects reloaded before import = 0
Number of asset objects unloaded after import = 336
========================================================================
Received Import Request.
  Time since last request: 73.861099 seconds.
  path: Assets/Art/Prefabs/Enviorment/asdasdasdasdsgfsdgsdg.fbx
  artifactKey: Guid(e1b2f3976985a0f42866951f20fd819d) Importer(815301076,1909f56bfc062723c751e8b465ee728b)
Start importing Assets/Art/Prefabs/Enviorment/asdasdasdasdsgfsdgsdg.fbx using Guid(e1b2f3976985a0f42866951f20fd819d) Importer(815301076,1909f56bfc062723c751e8b465ee728b)  -> (artifact id: 'a9320e1d21218d26add7371e298ab4c6') in 6.651680 seconds
Number of updated asset objects reloaded before import = 0
Number of asset objects unloaded after import = 11
========================================================================
Received Import Request.
  Time since last request: 0.000084 seconds.
  path: Assets/Art/Prefabs/Enviorment/FAB_SM_Wood_01.prefab
  artifactKey: Guid(52162f9455b7c4d4a80e9794f10fe539) Importer(815301076,1909f56bfc062723c751e8b465ee728b)
Start importing Assets/Art/Prefabs/Enviorment/FAB_SM_Wood_01.prefab using Guid(52162f9455b7c4d4a80e9794f10fe539) Importer(815301076,1909f56bfc062723c751e8b465ee728b)  -> (artifact id: '5075d507c611d7712dda622875c144f7') in 0.063235 seconds
Number of updated asset objects reloaded before import = 0
Number of asset objects unloaded after import = 19
========================================================================
Received Import Request.
  Time since last request: 0.000115 seconds.
  path: Assets/Art/Prefabs/Enviorment/FAB_SM_WallLamp.prefab
  artifactKey: Guid(259213fbf99523c45802ed39141bd488) Importer(815301076,1909f56bfc062723c751e8b465ee728b)
Start importing Assets/Art/Prefabs/Enviorment/FAB_SM_WallLamp.prefab using Guid(259213fbf99523c45802ed39141bd488) Importer(815301076,1909f56bfc062723c751e8b465ee728b)  -> (artifact id: '93096210ff136cab4cdf04d5e90f53dc') in 3.260871 seconds
Number of updated asset objects reloaded before import = 0
Number of asset objects unloaded after import = 48
========================================================================
Received Import Request.
  Time since last request: 0.000108 seconds.
  path: Assets/Art/Prefabs/Enviorment/FAB_SM_SakeHolder.prefab
  artifactKey: Guid(6eedb79125d74774296411e94f1a55ce) Importer(815301076,1909f56bfc062723c751e8b465ee728b)
Start importing Assets/Art/Prefabs/Enviorment/FAB_SM_SakeHolder.prefab using Guid(6eedb79125d74774296411e94f1a55ce) Importer(815301076,1909f56bfc062723c751e8b465ee728b)  -> (artifact id: '98d8d93b44dc4b0187d034f4a885bccb') in 0.108601 seconds
Number of updated asset objects reloaded before import = 0
Number of asset objects unloaded after import = 116
========================================================================
Received Import Request.
  Time since last request: 0.000185 seconds.
  path: Assets/Art/Prefabs/Enviorment/FAB_SM_Sakura_Tree.prefab
  artifactKey: Guid(83d50597e39b70f489ae7574083b1e29) Importer(815301076,1909f56bfc062723c751e8b465ee728b)
Start importing Assets/Art/Prefabs/Enviorment/FAB_SM_Sakura_Tree.prefab using Guid(83d50597e39b70f489ae7574083b1e29) Importer(815301076,1909f56bfc062723c751e8b465ee728b)  -> (artifact id: 'd3636e6baf7c8a4e20ac22d61c29e8a2') in 3.770224 seconds
Number of updated asset objects reloaded before import = 0
Number of asset objects unloaded after import = 135
========================================================================
Received Import Request.
  Time since last request: 0.000090 seconds.
  path: Assets/Art/Prefabs/Enviorment/FAB_SM_JapaneseCart_01.prefab
  artifactKey: Guid(2e3077f85815a8b44b58c0758adc376b) Importer(815301076,1909f56bfc062723c751e8b465ee728b)
Start importing Assets/Art/Prefabs/Enviorment/FAB_SM_JapaneseCart_01.prefab using Guid(2e3077f85815a8b44b58c0758adc376b) Importer(815301076,1909f56bfc062723c751e8b465ee728b)  -> (artifact id: 'ee4b96f9a6d82dc4cd684be2b583d398') in 0.065268 seconds
Number of updated asset objects reloaded before import = 0
Number of asset objects unloaded after import = 20
========================================================================
Received Import Request.
  Time since last request: 0.000080 seconds.
  path: Assets/Art/Prefabs/Enviorment/FAB_SM_Galgal_01.prefab
  artifactKey: Guid(df82b16017c557e4eb595cd778bc4232) Importer(815301076,1909f56bfc062723c751e8b465ee728b)
Start importing Assets/Art/Prefabs/Enviorment/FAB_SM_Galgal_01.prefab using Guid(df82b16017c557e4eb595cd778bc4232) Importer(815301076,1909f56bfc062723c751e8b465ee728b)  -> (artifact id: '04f7b4bd2b516e9142fea4af5fba0c6e') in 0.068239 seconds
Number of updated asset objects reloaded before import = 0
Number of asset objects unloaded after import = 19
========================================================================
Received Import Request.
  Time since last request: 0.000063 seconds.
  path: Assets/Art/Prefabs/Enviorment/FAB_SM_JapnesePagoda_01.prefab
  artifactKey: Guid(3de5747f47ed35c42a1288a4dfadb698) Importer(815301076,1909f56bfc062723c751e8b465ee728b)
Start importing Assets/Art/Prefabs/Enviorment/FAB_SM_JapnesePagoda_01.prefab using Guid(3de5747f47ed35c42a1288a4dfadb698) Importer(815301076,1909f56bfc062723c751e8b465ee728b)  -> (artifact id: '012a87070e6c54897797b8e9b0c9d1b7') in 0.065981 seconds
Number of updated asset objects reloaded before import = 0
Number of asset objects unloaded after import = 12
========================================================================
Received Import Request.
  Time since last request: 0.000058 seconds.
  path: Assets/Art/Prefabs/Enviorment/FAB_SM_JapaneseFence_02.prefab
  artifactKey: Guid(38a93b1dd21ffb441a51b201ea22f6e9) Importer(815301076,1909f56bfc062723c751e8b465ee728b)
Start importing Assets/Art/Prefabs/Enviorment/FAB_SM_JapaneseFence_02.prefab using Guid(38a93b1dd21ffb441a51b201ea22f6e9) Importer(815301076,1909f56bfc062723c751e8b465ee728b)  -> (artifact id: '15edf74c212fb3f28f5c8d572fe84327') in 0.058932 seconds
Number of updated asset objects reloaded before import = 0
Number of asset objects unloaded after import = 12
========================================================================
Received Import Request.
  Time since last request: 0.000067 seconds.
  path: Assets/Art/Prefabs/Enviorment/FAB_SM_Bridge_03.prefab
  artifactKey: Guid(9e35aab967dde0d4e972ed55595bde3d) Importer(815301076,1909f56bfc062723c751e8b465ee728b)
Start importing Assets/Art/Prefabs/Enviorment/FAB_SM_Bridge_03.prefab using Guid(9e35aab967dde0d4e972ed55595bde3d) Importer(815301076,1909f56bfc062723c751e8b465ee728b)  -> (artifact id: '1e193fafb8dcfe6f2ef81007cd413fa1') in 0.120850 seconds
Number of updated asset objects reloaded before import = 0
Number of asset objects unloaded after import = 117
========================================================================
Received Import Request.
  Time since last request: 0.000152 seconds.
  path: Assets/Art/Prefabs/Enviorment/FAB_SM_JapaneseFence_01.prefab
  artifactKey: Guid(6945529e62501ec4084e7d080f6d169f) Importer(815301076,1909f56bfc062723c751e8b465ee728b)
Start importing Assets/Art/Prefabs/Enviorment/FAB_SM_JapaneseFence_01.prefab using Guid(6945529e62501ec4084e7d080f6d169f) Importer(815301076,1909f56bfc062723c751e8b465ee728b)  -> (artifact id: 'af972152c36016e7d4c37cc4c82a13ce') in 0.090216 seconds
Number of updated asset objects reloaded before import = 0
Number of asset objects unloaded after import = 12
========================================================================
Received Import Request.
  Time since last request: 0.006529 seconds.
  path: Assets/Art/Prefabs/Enviorment/FAB_SM_Bridge_01.prefab
  artifactKey: Guid(d6da1cc2165dc9846837d65b271cad90) Importer(815301076,1909f56bfc062723c751e8b465ee728b)
Start importing Assets/Art/Prefabs/Enviorment/FAB_SM_Bridge_01.prefab using Guid(d6da1cc2165dc9846837d65b271cad90) Importer(815301076,1909f56bfc062723c751e8b465ee728b)  -> (artifact id: '18584212617dac1dced1601f9e010ace') in 0.223711 seconds
Number of updated asset objects reloaded before import = 0
Number of asset objects unloaded after import = 117
========================================================================
Received Import Request.
  Time since last request: 0.008409 seconds.
  path: Assets/Art/Prefabs/Enviorment/FAB_SM_JapneseHut_01.prefab
  artifactKey: Guid(13c0edd3a1aadf547ad9d03e482eda10) Importer(815301076,1909f56bfc062723c751e8b465ee728b)
Start importing Assets/Art/Prefabs/Enviorment/FAB_SM_JapneseHut_01.prefab using Guid(13c0edd3a1aadf547ad9d03e482eda10) Importer(815301076,1909f56bfc062723c751e8b465ee728b)  -> (artifact id: '54aa43691c8f2d3fbd96dc43e50799dc') in 0.156126 seconds
Number of updated asset objects reloaded before import = 0
Number of asset objects unloaded after import = 12
========================================================================
Received Import Request.
  Time since last request: 0.014307 seconds.
  path: Assets/Art/Prefabs/Enviorment/FAB_SM_JapneseConnector_M.prefab
  artifactKey: Guid(9033b1f940312cf41b2b27de76a8cce2) Importer(815301076,1909f56bfc062723c751e8b465ee728b)
Start importing Assets/Art/Prefabs/Enviorment/FAB_SM_JapneseConnector_M.prefab using Guid(9033b1f940312cf41b2b27de76a8cce2) Importer(815301076,1909f56bfc062723c751e8b465ee728b)  -> (artifact id: '78d2f1a518d4e8a1a03f1c534cea340f') in 0.070190 seconds
Number of updated asset objects reloaded before import = 0
Number of asset objects unloaded after import = 12
========================================================================
Received Import Request.
  Time since last request: 0.004773 seconds.
  path: Assets/Art/Prefabs/Enviorment/FAB_LampGrilanda_02.prefab
  artifactKey: Guid(e537e77e3eadf894f8b8e13e90cd942c) Importer(815301076,1909f56bfc062723c751e8b465ee728b)
Start importing Assets/Art/Prefabs/Enviorment/FAB_LampGrilanda_02.prefab using Guid(e537e77e3eadf894f8b8e13e90cd942c) Importer(815301076,1909f56bfc062723c751e8b465ee728b)  -> (artifact id: '1d719bc8c1cba357270e8008df8207f1') in 0.397106 seconds
Number of updated asset objects reloaded before import = 0
Number of asset objects unloaded after import = 43
Editor requested this worker to shutdown with reason: Scaling down because of idle timeout
TcpMessagingSession - receive error: operation aborted. errorcode: 995, details: The I/O operation has been aborted because of either a thread exit or an application request.
AssetImportWorker is now disconnected from the server
Process exiting
Exiting without the bug reporter. Application will terminate with return code 0